<?xml version="1.0" encoding="UTF-8"?>
<testng-results skipped="0" failed="0" ignored="0" total="1" passed="1">
  <reporter-output>
  </reporter-output>
  <suite name="Default suite" duration-ms="13397" started-at="2018-12-28T13:47:34Z" finished-at="2018-12-28T13:47:48Z">
    <groups>
    </groups>
    <test name="Default test" duration-ms="13397" started-at="2018-12-28T13:47:34Z" finished-at="2018-12-28T13:47:48Z">
      <class name="com.inetbanking.testCases.TC_LoginTest_001">
        <test-method status="PASS" signature="setup()[pri:0, instance:com.inetbanking.testCases.TC_LoginTest_001@39c0f4a]" name="setup" is-config="true" duration-ms="3435" started-at="2018-12-28T13:47:34Z" finished-at="2018-12-28T13:47:38Z">
          <reporter-output>
          </reporter-output>
        </test-method> <!-- setup -->
        <test-method status="PASS" signature="LoginTest()[pri:0, instance:com.inetbanking.testCases.TC_LoginTest_001@39c0f4a]" name="LoginTest" duration-ms="9172" started-at="2018-12-28T13:47:38Z" finished-at="2018-12-28T13:47:47Z">
          <reporter-output>
          </reporter-output>
        </test-method> <!-- LoginTest -->
        <test-method status="PASS" signature="tearDown()[pri:0, instance:com.inetbanking.testCases.TC_LoginTest_001@39c0f4a]" name="tearDown" is-config="true" duration-ms="749" started-at="2018-12-28T13:47:47Z" finished-at="2018-12-28T13:47:48Z">
          <reporter-output>
          </reporter-output>
        </test-method> <!-- tearDown -->
      </class> <!-- com.inetbanking.testCases.TC_LoginTest_001 -->
    </test> <!-- Default test -->
  </suite> <!-- Default suite -->
</testng-results>
